[38;5;112m[Appium][0m Welcome to Appium v2.12.1
[38;5;112m[Appium][0m Non-default server args:
[38;5;112m[Appium][0m { basePath: [32m'/wd/hub'[39m, loglevel: [32m'info'[39m, port: [33m53070[39m }
[38;5;112m[Appium][0m Attempting to load driver uiautomator2...
[38;5;112m[Appium][0m Attempting to load driver flutter...
[38;5;112m[Appium][0m Attempting to load driver xcuitest...
[38;5;112m[Appium][0m Appium REST http interface listener started on http://0.0.0.0:53070/wd/hub
[38;5;112m[Appium][0m You can provide the following URLs in your client code to connect to this server:
	http://127.0.0.1:53070/wd/hub (only accessible from the same host)
	http://127.94.0.1:53070/wd/hub (only accessible from the same host)
	http://192.168.1.6:53070/wd/hub
[38;5;112m[Appium][0m Available drivers:
[38;5;112m[Appium][0m   - uiautomator2@2.18.0 (automationName 'UiAutomator2')
[38;5;112m[Appium][0m   - flutter@1.14.3 (automationName 'Flutter')
[38;5;112m[Appium][0m   - xcuitest@5.7.0 (automationName 'XCUITest')
[38;5;112m[Appium][0m No plugins have been installed. Use the "appium plugin" command to install the one(s) you want to use.
[38;5;86m[HTTP][0m [37m-->[39m [37mGET[39m [37m/wd/hub/status[39m {}
[38;5;86m[HTTP][0m <-- GET /wd/hub/status 200 7 ms - 111 
[38;5;86m[HTTP][0m [37m-->[39m [37mGET[39m [37m/wd/hub/status[39m {}
[38;5;86m[HTTP][0m <-- GET /wd/hub/status 200 1 ms - 111 
[38;5;86m[HTTP][0m [37m-->[39m [37mPOST[39m [37m/wd/hub/session[39m {"capabilities":{"firstMatch":[{"appium:app":"/Users/mohit/Katalon Studio/HeroMotoSample/App/One-app-Prod-build.apk","appium:autoGrantPermissions":true,"appium:automationName":"uiautomator2","appium:deviceName":"OnePlus EB2101 (Android 13)","appium:fullReset":false,"appium:newCommandTimeout":1800,"appium:noReset":true,"appium:platformName":"ANDROID","appium:platformVersion":"13","appium:systemPort":53085,"appium:udid":"60fa34bd","platformName":"ANDROID"}]},"desiredCapabilities":{"appium:app":"/Users/mohit/Katalon Studio/HeroMotoSample/App/One-app-Prod-build.apk","appium:autoGrantPermissions":true,"appium:automationName":"uiautomator2","appium:deviceName":"OnePlus EB2101 (Android 13)","appium:fullReset":false,"appium:newCommandTimeout":1800,"appium:noReset":true,"appium:platformName":"ANDROID","appium:platformVersion":"13","appium:systemPort":53085,"appium:udid":"60fa34bd"}}
[38;5;123m[BaseDriver][0m Ignoring capability 'appium:platformName=ANDROID' and using capability 'platformName=ANDROID'
[38;5;123m[BaseDriver][0m The capabilities ["platformName"] are standard capabilities and do not require "appium:" prefix
[38;5;112m[Appium][0m Attempting to find matching driver for automationName 'uiautomator2' and platformName 'ANDROID'
[38;5;112m[Appium][0m The 'uiautomator2' driver was installed and matched caps.
[38;5;112m[Appium][0m Will require it at /Users/mohit/.appium/node_modules/appium-uiautomator2-driver
[38;5;52m[AppiumDriver@fce6][0m Appium v2.12.1 creating new AndroidUiautomator2Driver (v2.18.0) session
[38;5;52m[AppiumDriver@fce6][0m Checking BaseDriver versions for Appium and AndroidUiautomator2Driver
[38;5;52m[AppiumDriver@fce6][0m Appium's BaseDriver version is 9.12.1
[38;5;52m[AppiumDriver@fce6][0m AndroidUiautomator2Driver's BaseDriver version is 9.12.0
[38;5;-85m[AndroidUiautomator2Driver@8e12][0m The following provided capabilities were not recognized by this driver:
[38;5;-85m[AndroidUiautomator2Driver@8e12][0m   deviceName
[38;5;163m[491e9881][0m[38;5;-85m[AndroidUiautomator2Driver@8e12][0m Session created with session id: 491e9881-24b3-4c12-ae10-1231901b4b8c
[38;5;163m[491e9881][0m[38;5;123m[BaseDriver][0m Using local app '/Users/mohit/Katalon Studio/HeroMotoSample/App/One-app-Prod-build.apk'
[38;5;163m[491e9881][0m[38;5;229m[ADB][0m Found 1 'build-tools' folders under '/Users/mohit/.katalon/tools/android_sdk' (newest first):
[38;5;163m[491e9881][0m[38;5;229m[ADB][0m     /Users/mohit/.katalon/tools/android_sdk/build-tools/29.0.3
[38;5;163m[491e9881][0m[38;5;229m[ADB][0m Using 'adb' from '/Users/mohit/.katalon/tools/android_sdk/platform-tools/adb'
[38;5;163m[491e9881][0m[38;5;183m[AndroidDriver][0m Retrieving device list
[38;5;163m[491e9881][0m[38;5;183m[AndroidDriver][0m Using device: 60fa34bd
[38;5;163m[491e9881][0m[38;5;229m[ADB][0m Using 'adb' from '/Users/mohit/.katalon/tools/android_sdk/platform-tools/adb'
[38;5;163m[491e9881][0m[38;5;229m[ADB][0m Getting device platform version
[38;5;163m[491e9881][0m[38;5;-85m[AndroidUiautomator2Driver@8e12][0m Relaxing hidden api policy
[38;5;163m[491e9881][0m[38;5;229m[ADB][0m Package name: 'com.customerapp.hero'
[38;5;163m[491e9881][0m[38;5;229m[ADB][0m Main activity name: 'com.customerapp.hero.defaultAlias'
[38;5;163m[491e9881][0m[38;5;229m[ADB][0m Using 'apksigner.jar' from '/Users/mohit/.katalon/tools/android_sdk/build-tools/29.0.3/lib/apksigner.jar'
[38;5;163m[491e9881][0m[38;5;229m[ADB][0m '/Users/mohit/.appium/node_modules/appium-uiautomator2-driver/node_modules/appium-uiautomator2-server/apks/appium-uiautomator2-server-v5.8.0.apk' is signed with the default certificate
[38;5;163m[491e9881][0m[38;5;229m[ADB][0m '/Users/mohit/.appium/node_modules/appium-uiautomator2-driver/node_modules/appium-uiautomator2-server/apks/appium-uiautomator2-server-debug-androidTest.apk' is signed with the default certificate
[38;5;163m[491e9881][0m[38;5;-85m[AndroidUiautomator2Driver@8e12][0m Server packages are not going to be (re)installed
[38;5;163m[491e9881][0m[38;5;229m[ADB][0m Adding packages ["io.appium.settings","io.appium.uiautomator2.server","io.appium.uiautomator2.server.test"] to Doze whitelist
[38;5;163m[491e9881][0m[38;5;229m[ADB][0m '/Users/mohit/Katalon Studio/HeroMotoSample/App/One-app-Prod-build.apk' is signed with a non-default certificate
[38;5;163m[491e9881][0m[38;5;229m[ADB][0m The application at '/Users/mohit/Katalon Studio/HeroMotoSample/App/One-app-Prod-build.apk' will not be cached, because the device under test has confirmed the support of streamed installs
[38;5;163m[491e9881][0m[38;5;229m[ADB][0m The installation of 'One-app-Prod-build.apk' took 7892ms
[38;5;163m[491e9881][0m[38;5;-85m[AndroidUiautomator2Driver@8e12][0m Starting UIAutomator2 server 5.8.0
[38;5;163m[491e9881][0m[38;5;-85m[AndroidUiautomator2Driver@8e12][0m Using UIAutomator2 server from '/Users/mohit/.appium/node_modules/appium-uiautomator2-driver/node_modules/appium-uiautomator2-server/apks/appium-uiautomator2-server-v5.8.0.apk' and test from '/Users/mohit/.appium/node_modules/appium-uiautomator2-driver/node_modules/appium-uiautomator2-server/apks/appium-uiautomator2-server-debug-androidTest.apk'
[38;5;163m[491e9881][0m[38;5;-85m[AndroidUiautomator2Driver@8e12][0m Waiting up to 30000ms for UiAutomator2 to be online...
[38;5;163m[491e9881][0m[38;5;-85m[AndroidUiautomator2Driver@8e12][0m socket hang up
[38;5;163m[491e9881][0m[38;5;-85m[AndroidUiautomator2Driver@8e12][0m socket hang up
[38;5;163m[491e9881][0m[38;5;-85m[AndroidUiautomator2Driver@8e12][0m socket hang up
[38;5;163m[491e9881][0m[38;5;-85m[AndroidUiautomator2Driver@8e12][0m Determined the downstream protocol as 'W3C'
[38;5;163m[491e9881][0m[38;5;183m[AndroidDriver][0m Screen already unlocked, doing nothing
[38;5;163m[491e9881][0m[38;5;-85m[AndroidUiautomator2Driver@8e12][0m Starting 'com.customerapp.hero/com.customerapp.hero.defaultAlias and waiting for 'com.customerapp.hero/com.customerapp.hero.defaultAlias'
[38;5;163m[491e9881][0m[38;5;52m[AppiumDriver@fce6][0m New AndroidUiautomator2Driver session created successfully, session 491e9881-24b3-4c12-ae10-1231901b4b8c added to master session list
[38;5;163m[491e9881][0m[38;5;86m[HTTP][0m <-- POST /wd/hub/session 200 18958 ms - 1203 
[38;5;86m[HTTP][0m [37m-->[39m [37mGET[39m [37m/wd/hub/status[39m {}
[38;5;86m[HTTP][0m <-- GET /wd/hub/status 200 1 ms - 111 
[38;5;163m[491e9881][0m[38;5;86m[HTTP][0m [37m-->[39m [37mPOST[39m [37m/wd/hub/session/491e9881-24b3-4c12-ae10-1231901b4b8c/timeouts[39m {"implicit":60000}
[38;5;163m[491e9881][0m[38;5;86m[HTTP][0m <-- POST /wd/hub/session/491e9881-24b3-4c12-ae10-1231901b4b8c/timeouts 200 2 ms - 14 
[38;5;163m[491e9881][0m[38;5;86m[HTTP][0m [37m-->[39m [37mGET[39m [37m/wd/hub/session/491e9881-24b3-4c12-ae10-1231901b4b8c/source[39m {}
[38;5;163m[491e9881][0m[38;5;-85m[AndroidUiautomator2Driver@8e12][0m Driver proxy active, passing request on via HTTP proxy
[38;5;163m[491e9881][0m[38;5;-85m[AndroidUiautomator2Driver@8e12][0m Replacing sessionId d903bb73-3dd7-49ab-ac58-7d892327323e with 491e9881-24b3-4c12-ae10-1231901b4b8c
[38;5;163m[491e9881][0m[38;5;86m[HTTP][0m <-- GET /wd/hub/session/491e9881-24b3-4c12-ae10-1231901b4b8c/source 200 307 ms - 3298 
[38;5;163m[491e9881][0m[38;5;86m[HTTP][0m [37m-->[39m [37mGET[39m [37m/wd/hub/session/491e9881-24b3-4c12-ae10-1231901b4b8c/screenshot[39m {}
[38;5;163m[491e9881][0m[38;5;86m[HTTP][0m <-- GET /wd/hub/session/491e9881-24b3-4c12-ae10-1231901b4b8c/screenshot 200 696 ms - 602372 
[38;5;163m[491e9881][0m[38;5;86m[HTTP][0m [37m-->[39m [37mGET[39m [37m/wd/hub/session/491e9881-24b3-4c12-ae10-1231901b4b8c/source[39m {}
[38;5;163m[491e9881][0m[38;5;-85m[AndroidUiautomator2Driver@8e12][0m Driver proxy active, passing request on via HTTP proxy
[38;5;163m[491e9881][0m[38;5;-85m[AndroidUiautomator2Driver@8e12][0m Replacing sessionId d903bb73-3dd7-49ab-ac58-7d892327323e with 491e9881-24b3-4c12-ae10-1231901b4b8c
[38;5;163m[491e9881][0m[38;5;86m[HTTP][0m <-- GET /wd/hub/session/491e9881-24b3-4c12-ae10-1231901b4b8c/source 200 25 ms - 3298 
[38;5;163m[491e9881][0m[38;5;86m[HTTP][0m [37m-->[39m [37mGET[39m [37m/wd/hub/session/491e9881-24b3-4c12-ae10-1231901b4b8c/screenshot[39m {}
[38;5;163m[491e9881][0m[38;5;86m[HTTP][0m <-- GET /wd/hub/session/491e9881-24b3-4c12-ae10-1231901b4b8c/screenshot 200 741 ms - 674460 
[38;5;163m[491e9881][0m[38;5;86m[HTTP][0m [37m-->[39m [37mGET[39m [37m/wd/hub/session/491e9881-24b3-4c12-ae10-1231901b4b8c/source[39m {}
[38;5;163m[491e9881][0m[38;5;-85m[AndroidUiautomator2Driver@8e12][0m Driver proxy active, passing request on via HTTP proxy
[38;5;163m[491e9881][0m[38;5;-85m[AndroidUiautomator2Driver@8e12][0m Replacing sessionId d903bb73-3dd7-49ab-ac58-7d892327323e with 491e9881-24b3-4c12-ae10-1231901b4b8c
[38;5;163m[491e9881][0m[38;5;86m[HTTP][0m <-- GET /wd/hub/session/491e9881-24b3-4c12-ae10-1231901b4b8c/source 200 129 ms - 13534 
[38;5;163m[491e9881][0m[38;5;86m[HTTP][0m [37m-->[39m [37mGET[39m [37m/wd/hub/session/491e9881-24b3-4c12-ae10-1231901b4b8c/screenshot[39m {}
[38;5;163m[491e9881][0m[38;5;86m[HTTP][0m <-- GET /wd/hub/session/491e9881-24b3-4c12-ae10-1231901b4b8c/screenshot 200 577 ms - 637108 
[38;5;163m[491e9881][0m[38;5;86m[HTTP][0m [37m-->[39m [37mGET[39m [37m/wd/hub/session/491e9881-24b3-4c12-ae10-1231901b4b8c/window/rect[39m {}
[38;5;163m[491e9881][0m[38;5;86m[HTTP][0m <-- GET /wd/hub/session/491e9881-24b3-4c12-ae10-1231901b4b8c/window/rect 200 14 ms - 50 
[38;5;163m[491e9881][0m[38;5;86m[HTTP][0m [37m-->[39m [37mPOST[39m [37m/wd/hub/session/491e9881-24b3-4c12-ae10-1231901b4b8c/elements[39m {"using":"xpath","value":"//hierarchy/android.widget.FrameLayout[1]/android.widget.LinearLayout[1]/android.widget.FrameLayout[1]/android.widget.FrameLayout[1]/android.widget.FrameLayout[1]/android.widget.FrameLayout[1]/android.view.ViewGroup[1]/android.widget.FrameLayout[1]/android.widget.LinearLayout[1]/android.widget.ScrollView[1]/android.widget.LinearLayout[1]/android.support.v7.widget.RecyclerView[1]/android.widget.LinearLayout[1]/android.widget.TextView[1]"}
[38;5;163m[491e9881][0m[38;5;86m[HTTP][0m <-- POST /wd/hub/session/491e9881-24b3-4c12-ae10-1231901b4b8c/elements 200 341 ms - 139 
[38;5;163m[491e9881][0m[38;5;86m[HTTP][0m [37m-->[39m [37mGET[39m [37m/wd/hub/session/491e9881-24b3-4c12-ae10-1231901b4b8c/element/00000000-0000-01a7-ffff-ffff0000001a/rect[39m {}
[38;5;163m[491e9881][0m[38;5;-85m[AndroidUiautomator2Driver@8e12][0m Driver proxy active, passing request on via HTTP proxy
[38;5;163m[491e9881][0m[38;5;-85m[AndroidUiautomator2Driver@8e12][0m Replacing sessionId d903bb73-3dd7-49ab-ac58-7d892327323e with 491e9881-24b3-4c12-ae10-1231901b4b8c
[38;5;163m[491e9881][0m[38;5;86m[HTTP][0m <-- GET /wd/hub/session/491e9881-24b3-4c12-ae10-1231901b4b8c/element/00000000-0000-01a7-ffff-ffff0000001a/rect 200 33 ms - 103 
[38;5;163m[491e9881][0m[38;5;86m[HTTP][0m [37m-->[39m [37mPOST[39m [37m/wd/hub/session/491e9881-24b3-4c12-ae10-1231901b4b8c/element/00000000-0000-01a7-ffff-ffff0000001a/click[39m {"id":"00000000-0000-01a7-ffff-ffff0000001a"}
[38;5;163m[491e9881][0m[38;5;86m[HTTP][0m <-- POST /wd/hub/session/491e9881-24b3-4c12-ae10-1231901b4b8c/element/00000000-0000-01a7-ffff-ffff0000001a/click 200 101 ms - 14 
[38;5;163m[491e9881][0m[38;5;86m[HTTP][0m [37m-->[39m [37mGET[39m [37m/wd/hub/session/491e9881-24b3-4c12-ae10-1231901b4b8c/source[39m {}
[38;5;163m[491e9881][0m[38;5;-85m[AndroidUiautomator2Driver@8e12][0m Driver proxy active, passing request on via HTTP proxy
[38;5;163m[491e9881][0m[38;5;-85m[AndroidUiautomator2Driver@8e12][0m Replacing sessionId d903bb73-3dd7-49ab-ac58-7d892327323e with 491e9881-24b3-4c12-ae10-1231901b4b8c
[38;5;163m[491e9881][0m[38;5;86m[HTTP][0m <-- GET /wd/hub/session/491e9881-24b3-4c12-ae10-1231901b4b8c/source 200 330 ms - 14502 
[38;5;163m[491e9881][0m[38;5;86m[HTTP][0m [37m-->[39m [37mGET[39m [37m/wd/hub/session/491e9881-24b3-4c12-ae10-1231901b4b8c/screenshot[39m {}
[38;5;163m[491e9881][0m[38;5;86m[HTTP][0m <-- GET /wd/hub/session/491e9881-24b3-4c12-ae10-1231901b4b8c/screenshot 200 684 ms - 672152 
[38;5;163m[491e9881][0m[38;5;86m[HTTP][0m [37m-->[39m [37mGET[39m [37m/wd/hub/session/491e9881-24b3-4c12-ae10-1231901b4b8c/window/rect[39m {}
[38;5;163m[491e9881][0m[38;5;86m[HTTP][0m <-- GET /wd/hub/session/491e9881-24b3-4c12-ae10-1231901b4b8c/window/rect 200 34 ms - 50 
[38;5;163m[491e9881][0m[38;5;86m[HTTP][0m [37m-->[39m [37mPOST[39m [37m/wd/hub/session/491e9881-24b3-4c12-ae10-1231901b4b8c/elements[39m {"using":"xpath","value":"//hierarchy/android.widget.FrameLayout[1]/android.widget.LinearLayout[1]/android.widget.FrameLayout[1]/android.widget.LinearLayout[1]/android.widget.FrameLayout[1]/android.view.ViewGroup[1]/android.widget.FrameLayout[1]/android.widget.FrameLayout[1]/android.view.ViewGroup[1]/android.widget.ScrollView[1]/android.view.ViewGroup[1]/android.view.ViewGroup[1]/android.widget.TextView[1]"}
[38;5;163m[491e9881][0m[38;5;86m[HTTP][0m <-- POST /wd/hub/session/491e9881-24b3-4c12-ae10-1231901b4b8c/elements 200 450 ms - 139 
[38;5;163m[491e9881][0m[38;5;86m[HTTP][0m [37m-->[39m [37mGET[39m [37m/wd/hub/session/491e9881-24b3-4c12-ae10-1231901b4b8c/element/00000000-0000-01a6-ffff-ffff00000063/rect[39m {}
[38;5;163m[491e9881][0m[38;5;-85m[AndroidUiautomator2Driver@8e12][0m Driver proxy active, passing request on via HTTP proxy
[38;5;163m[491e9881][0m[38;5;-85m[AndroidUiautomator2Driver@8e12][0m Replacing sessionId d903bb73-3dd7-49ab-ac58-7d892327323e with 491e9881-24b3-4c12-ae10-1231901b4b8c
[38;5;163m[491e9881][0m[38;5;86m[HTTP][0m <-- GET /wd/hub/session/491e9881-24b3-4c12-ae10-1231901b4b8c/element/00000000-0000-01a6-ffff-ffff00000063/rect 200 40 ms - 103 
[38;5;163m[491e9881][0m[38;5;86m[HTTP][0m [37m-->[39m [37mPOST[39m [37m/wd/hub/session/491e9881-24b3-4c12-ae10-1231901b4b8c/element/00000000-0000-01a6-ffff-ffff00000063/click[39m {"id":"00000000-0000-01a6-ffff-ffff00000063"}
[38;5;163m[491e9881][0m[38;5;86m[HTTP][0m <-- POST /wd/hub/session/491e9881-24b3-4c12-ae10-1231901b4b8c/element/00000000-0000-01a6-ffff-ffff00000063/click 200 78 ms - 14 
[38;5;163m[491e9881][0m[38;5;86m[HTTP][0m [37m-->[39m [37mGET[39m [37m/wd/hub/session/491e9881-24b3-4c12-ae10-1231901b4b8c/source[39m {}
[38;5;163m[491e9881][0m[38;5;-85m[AndroidUiautomator2Driver@8e12][0m Driver proxy active, passing request on via HTTP proxy
[38;5;163m[491e9881][0m[38;5;-85m[AndroidUiautomator2Driver@8e12][0m Replacing sessionId d903bb73-3dd7-49ab-ac58-7d892327323e with 491e9881-24b3-4c12-ae10-1231901b4b8c
[38;5;163m[491e9881][0m[38;5;86m[HTTP][0m <-- GET /wd/hub/session/491e9881-24b3-4c12-ae10-1231901b4b8c/source 200 694 ms - 26409 
[38;5;163m[491e9881][0m[38;5;86m[HTTP][0m [37m-->[39m [37mGET[39m [37m/wd/hub/session/491e9881-24b3-4c12-ae10-1231901b4b8c/screenshot[39m {}
[38;5;163m[491e9881][0m[38;5;86m[HTTP][0m <-- GET /wd/hub/session/491e9881-24b3-4c12-ae10-1231901b4b8c/screenshot 200 974 ms - 1333552 
[38;5;163m[491e9881][0m[38;5;86m[HTTP][0m [37m-->[39m [37mPOST[39m [37m/wd/hub/session/491e9881-24b3-4c12-ae10-1231901b4b8c/timeouts[39m {"implicit":1000}
[38;5;163m[491e9881][0m[38;5;86m[HTTP][0m <-- POST /wd/hub/session/491e9881-24b3-4c12-ae10-1231901b4b8c/timeouts 200 1 ms - 14 
[38;5;163m[491e9881][0m[38;5;86m[HTTP][0m [37m-->[39m [37mPOST[39m [37m/wd/hub/session/491e9881-24b3-4c12-ae10-1231901b4b8c/elements[39m {"using":"xpath","value":"//*[@class = 'android.widget.TextView' and (@text = 'Continue as guest' or . = 'Continue as guest') and @resource-id = 'com.customerapp.hero:id/btn_lbl']"}
[38;5;163m[491e9881][0m[38;5;86m[HTTP][0m <-- POST /wd/hub/session/491e9881-24b3-4c12-ae10-1231901b4b8c/elements 200 2711 ms - 12 
[38;5;163m[491e9881][0m[38;5;86m[HTTP][0m [37m-->[39m [37mGET[39m [37m/wd/hub/session/491e9881-24b3-4c12-ae10-1231901b4b8c/window/rect[39m {}
[38;5;163m[491e9881][0m[38;5;86m[HTTP][0m <-- GET /wd/hub/session/491e9881-24b3-4c12-ae10-1231901b4b8c/window/rect 200 15 ms - 50 
[38;5;163m[491e9881][0m[38;5;86m[HTTP][0m [37m-->[39m [37mPOST[39m [37m/wd/hub/session/491e9881-24b3-4c12-ae10-1231901b4b8c/elements[39m {"using":"xpath","value":"//hierarchy/android.widget.FrameLayout[1]/android.widget.LinearLayout[1]/android.widget.FrameLayout[1]/android.widget.LinearLayout[1]/android.widget.FrameLayout[1]/android.view.ViewGroup[1]/android.widget.FrameLayout[1]/android.widget.FrameLayout[1]/android.view.ViewGroup[1]/android.widget.ScrollView[1]/android.view.ViewGroup[1]/androidx.recyclerview.widget.RecyclerView[1]/android.view.ViewGroup[2]/android.widget.GridView[1]/android.view.ViewGroup[1]/android.widget.FrameLayout[1]/android.view.ViewGroup[1]/android.widget.TextView[1]"}
[38;5;163m[491e9881][0m[38;5;86m[HTTP][0m <-- POST /wd/hub/session/491e9881-24b3-4c12-ae10-1231901b4b8c/elements 200 468 ms - 139 
[38;5;163m[491e9881][0m[38;5;86m[HTTP][0m [37m-->[39m [37mGET[39m [37m/wd/hub/session/491e9881-24b3-4c12-ae10-1231901b4b8c/element/00000000-0000-01a6-ffff-ffff000000c2/rect[39m {}
[38;5;163m[491e9881][0m[38;5;-85m[AndroidUiautomator2Driver@8e12][0m Driver proxy active, passing request on via HTTP proxy
[38;5;163m[491e9881][0m[38;5;-85m[AndroidUiautomator2Driver@8e12][0m Replacing sessionId d903bb73-3dd7-49ab-ac58-7d892327323e with 491e9881-24b3-4c12-ae10-1231901b4b8c
[38;5;163m[491e9881][0m[38;5;86m[HTTP][0m <-- GET /wd/hub/session/491e9881-24b3-4c12-ae10-1231901b4b8c/element/00000000-0000-01a6-ffff-ffff000000c2/rect 200 1653 ms - 102 
[38;5;163m[491e9881][0m[38;5;86m[HTTP][0m [37m-->[39m [37mPOST[39m [37m/wd/hub/session/491e9881-24b3-4c12-ae10-1231901b4b8c/element/00000000-0000-01a6-ffff-ffff000000c2/click[39m {"id":"00000000-0000-01a6-ffff-ffff000000c2"}
[38;5;163m[491e9881][0m[38;5;86m[HTTP][0m <-- POST /wd/hub/session/491e9881-24b3-4c12-ae10-1231901b4b8c/element/00000000-0000-01a6-ffff-ffff000000c2/click 200 55 ms - 14 
[38;5;163m[491e9881][0m[38;5;86m[HTTP][0m [37m-->[39m [37mGET[39m [37m/wd/hub/session/491e9881-24b3-4c12-ae10-1231901b4b8c/source[39m {}
[38;5;163m[491e9881][0m[38;5;-85m[AndroidUiautomator2Driver@8e12][0m Driver proxy active, passing request on via HTTP proxy
[38;5;163m[491e9881][0m[38;5;-85m[AndroidUiautomator2Driver@8e12][0m Replacing sessionId d903bb73-3dd7-49ab-ac58-7d892327323e with 491e9881-24b3-4c12-ae10-1231901b4b8c
[38;5;163m[491e9881][0m[38;5;86m[HTTP][0m <-- GET /wd/hub/session/491e9881-24b3-4c12-ae10-1231901b4b8c/source 200 623 ms - 7398 
[38;5;163m[491e9881][0m[38;5;86m[HTTP][0m [37m-->[39m [37mGET[39m [37m/wd/hub/session/491e9881-24b3-4c12-ae10-1231901b4b8c/screenshot[39m {}
[38;5;163m[491e9881][0m[38;5;86m[HTTP][0m <-- GET /wd/hub/session/491e9881-24b3-4c12-ae10-1231901b4b8c/screenshot 200 537 ms - 48144 
[38;5;163m[491e9881][0m[38;5;86m[HTTP][0m [37m-->[39m [37mGET[39m [37m/wd/hub/session/491e9881-24b3-4c12-ae10-1231901b4b8c/source[39m {}
[38;5;163m[491e9881][0m[38;5;-85m[AndroidUiautomator2Driver@8e12][0m Driver proxy active, passing request on via HTTP proxy
[38;5;163m[491e9881][0m[38;5;-85m[AndroidUiautomator2Driver@8e12][0m Replacing sessionId d903bb73-3dd7-49ab-ac58-7d892327323e with 491e9881-24b3-4c12-ae10-1231901b4b8c
[38;5;163m[491e9881][0m[38;5;86m[HTTP][0m <-- GET /wd/hub/session/491e9881-24b3-4c12-ae10-1231901b4b8c/source 200 104 ms - 7398 
[38;5;163m[491e9881][0m[38;5;86m[HTTP][0m [37m-->[39m [37mGET[39m [37m/wd/hub/session/491e9881-24b3-4c12-ae10-1231901b4b8c/screenshot[39m {}
[38;5;163m[491e9881][0m[38;5;86m[HTTP][0m <-- GET /wd/hub/session/491e9881-24b3-4c12-ae10-1231901b4b8c/screenshot 200 704 ms - 851972 
[38;5;163m[491e9881][0m[38;5;86m[HTTP][0m [37m-->[39m [37mGET[39m [37m/wd/hub/session/491e9881-24b3-4c12-ae10-1231901b4b8c/source[39m {}
[38;5;163m[491e9881][0m[38;5;-85m[AndroidUiautomator2Driver@8e12][0m Driver proxy active, passing request on via HTTP proxy
[38;5;163m[491e9881][0m[38;5;-85m[AndroidUiautomator2Driver@8e12][0m Replacing sessionId d903bb73-3dd7-49ab-ac58-7d892327323e with 491e9881-24b3-4c12-ae10-1231901b4b8c
[38;5;163m[491e9881][0m[38;5;86m[HTTP][0m <-- GET /wd/hub/session/491e9881-24b3-4c12-ae10-1231901b4b8c/source 200 302 ms - 18921 
[38;5;163m[491e9881][0m[38;5;86m[HTTP][0m [37m-->[39m [37mGET[39m [37m/wd/hub/session/491e9881-24b3-4c12-ae10-1231901b4b8c/screenshot[39m {}
[38;5;163m[491e9881][0m[38;5;86m[HTTP][0m <-- GET /wd/hub/session/491e9881-24b3-4c12-ae10-1231901b4b8c/screenshot 200 36177 ms - 852804 
[38;5;163m[491e9881][0m[38;5;86m[HTTP][0m [37m-->[39m [37mGET[39m [37m/wd/hub/session/491e9881-24b3-4c12-ae10-1231901b4b8c/window/rect[39m {}
[38;5;163m[491e9881][0m[38;5;86m[HTTP][0m <-- GET /wd/hub/session/491e9881-24b3-4c12-ae10-1231901b4b8c/window/rect 200 13 ms - 50 
[38;5;163m[491e9881][0m[38;5;86m[HTTP][0m [37m-->[39m [37mPOST[39m [37m/wd/hub/session/491e9881-24b3-4c12-ae10-1231901b4b8c/elements[39m {"using":"xpath","value":"//hierarchy/android.widget.FrameLayout[1]/android.widget.LinearLayout[1]/android.widget.FrameLayout[1]/android.widget.LinearLayout[1]/android.widget.FrameLayout[1]/android.view.ViewGroup[1]/android.widget.FrameLayout[1]/android.widget.FrameLayout[1]/android.view.ViewGroup[1]/android.widget.FrameLayout[2]/android.view.ViewGroup[1]/android.webkit.WebView[1]/android.webkit.WebView[1]/android.view.View[1]/android.view.View[1]/android.view.View[1]/android.view.View[1]/android.view.View[2]/android.view.View[1]/android.view.View[1]/android.widget.ListView[1]/android.view.View[2]/android.view.View[1]"}
[38;5;163m[491e9881][0m[38;5;86m[HTTP][0m <-- POST /wd/hub/session/491e9881-24b3-4c12-ae10-1231901b4b8c/elements 200 196 ms - 139 
[38;5;163m[491e9881][0m[38;5;86m[HTTP][0m [37m-->[39m [37mGET[39m [37m/wd/hub/session/491e9881-24b3-4c12-ae10-1231901b4b8c/element/00000000-0000-01a6-0000-028b0000018d/rect[39m {}
[38;5;163m[491e9881][0m[38;5;-85m[AndroidUiautomator2Driver@8e12][0m Driver proxy active, passing request on via HTTP proxy
[38;5;163m[491e9881][0m[38;5;-85m[AndroidUiautomator2Driver@8e12][0m Replacing sessionId d903bb73-3dd7-49ab-ac58-7d892327323e with 491e9881-24b3-4c12-ae10-1231901b4b8c
[38;5;163m[491e9881][0m[38;5;86m[HTTP][0m <-- GET /wd/hub/session/491e9881-24b3-4c12-ae10-1231901b4b8c/element/00000000-0000-01a6-0000-028b0000018d/rect 200 66 ms - 104 
[38;5;163m[491e9881][0m[38;5;86m[HTTP][0m [37m-->[39m [37mPOST[39m [37m/wd/hub/session/491e9881-24b3-4c12-ae10-1231901b4b8c/element/00000000-0000-01a6-0000-028b0000018d/click[39m {"id":"00000000-0000-01a6-0000-028b0000018d"}
[38;5;163m[491e9881][0m[38;5;86m[HTTP][0m <-- POST /wd/hub/session/491e9881-24b3-4c12-ae10-1231901b4b8c/element/00000000-0000-01a6-0000-028b0000018d/click 200 722 ms - 14 
[38;5;163m[491e9881][0m[38;5;86m[HTTP][0m [37m-->[39m [37mGET[39m [37m/wd/hub/session/491e9881-24b3-4c12-ae10-1231901b4b8c/source[39m {}
[38;5;163m[491e9881][0m[38;5;-85m[AndroidUiautomator2Driver@8e12][0m Driver proxy active, passing request on via HTTP proxy
[38;5;163m[491e9881][0m[38;5;-85m[AndroidUiautomator2Driver@8e12][0m Replacing sessionId d903bb73-3dd7-49ab-ac58-7d892327323e with 491e9881-24b3-4c12-ae10-1231901b4b8c
[38;5;163m[491e9881][0m[38;5;86m[HTTP][0m <-- GET /wd/hub/session/491e9881-24b3-4c12-ae10-1231901b4b8c/source 200 193 ms - 17543 
[38;5;163m[491e9881][0m[38;5;86m[HTTP][0m [37m-->[39m [37mGET[39m [37m/wd/hub/session/491e9881-24b3-4c12-ae10-1231901b4b8c/screenshot[39m {}
[38;5;163m[491e9881][0m[38;5;86m[HTTP][0m <-- GET /wd/hub/session/491e9881-24b3-4c12-ae10-1231901b4b8c/screenshot 200 739 ms - 851388 
[38;5;163m[491e9881][0m[38;5;86m[HTTP][0m [37m-->[39m [37mGET[39m [37m/wd/hub/session/491e9881-24b3-4c12-ae10-1231901b4b8c/context[39m {}
[38;5;163m[491e9881][0m[38;5;86m[HTTP][0m <-- GET /wd/hub/session/491e9881-24b3-4c12-ae10-1231901b4b8c/context 200 0 ms - 22 
[38;5;163m[491e9881][0m[38;5;86m[HTTP][0m [37m-->[39m [37mGET[39m [37m/wd/hub/session/491e9881-24b3-4c12-ae10-1231901b4b8c/contexts[39m {}
[38;5;163m[491e9881][0m[38;5;86m[HTTP][0m <-- GET /wd/hub/session/491e9881-24b3-4c12-ae10-1231901b4b8c/contexts 200 217 ms - 75 
[38;5;163m[491e9881][0m[38;5;86m[HTTP][0m [37m-->[39m [37mPOST[39m [37m/wd/hub/session/491e9881-24b3-4c12-ae10-1231901b4b8c/context[39m {"name":"NATIVE_APP"}
[38;5;163m[491e9881][0m[38;5;86m[HTTP][0m <-- POST /wd/hub/session/491e9881-24b3-4c12-ae10-1231901b4b8c/context 200 0 ms - 14 
[38;5;163m[491e9881][0m[38;5;86m[HTTP][0m [37m-->[39m [37mPOST[39m [37m/wd/hub/session/491e9881-24b3-4c12-ae10-1231901b4b8c/execute/sync[39m {"script":"mobile: pressKey","args":[{"keycode":4}]}
[38;5;163m[491e9881][0m[38;5;-85m[AndroidUiautomator2Driver@8e12][0m Executing native command 'mobile: pressKey'
[38;5;163m[491e9881][0m[38;5;86m[HTTP][0m <-- POST /wd/hub/session/491e9881-24b3-4c12-ae10-1231901b4b8c/execute/sync 200 95 ms - 14 
[38;5;163m[491e9881][0m[38;5;86m[HTTP][0m [37m-->[39m [37mPOST[39m [37m/wd/hub/session/491e9881-24b3-4c12-ae10-1231901b4b8c/context[39m {"name":"NATIVE_APP"}
[38;5;163m[491e9881][0m[38;5;86m[HTTP][0m <-- POST /wd/hub/session/491e9881-24b3-4c12-ae10-1231901b4b8c/context 200 1 ms - 14 
[38;5;163m[491e9881][0m[38;5;86m[HTTP][0m [37m-->[39m [37mGET[39m [37m/wd/hub/session/491e9881-24b3-4c12-ae10-1231901b4b8c/source[39m {}
[38;5;163m[491e9881][0m[38;5;-85m[AndroidUiautomator2Driver@8e12][0m Driver proxy active, passing request on via HTTP proxy
[38;5;163m[491e9881][0m[38;5;-85m[AndroidUiautomator2Driver@8e12][0m Replacing sessionId d903bb73-3dd7-49ab-ac58-7d892327323e with 491e9881-24b3-4c12-ae10-1231901b4b8c
[38;5;163m[491e9881][0m[38;5;86m[HTTP][0m <-- GET /wd/hub/session/491e9881-24b3-4c12-ae10-1231901b4b8c/source 200 339 ms - 25966 
[38;5;163m[491e9881][0m[38;5;86m[HTTP][0m [37m-->[39m [37mGET[39m [37m/wd/hub/session/491e9881-24b3-4c12-ae10-1231901b4b8c/screenshot[39m {}
[38;5;163m[491e9881][0m[38;5;86m[HTTP][0m <-- GET /wd/hub/session/491e9881-24b3-4c12-ae10-1231901b4b8c/screenshot 200 974 ms - 1334548 
[38;5;163m[491e9881][0m[38;5;86m[HTTP][0m [37m-->[39m [37mGET[39m [37m/wd/hub/session/491e9881-24b3-4c12-ae10-1231901b4b8c/context[39m {}
[38;5;163m[491e9881][0m[38;5;86m[HTTP][0m <-- GET /wd/hub/session/491e9881-24b3-4c12-ae10-1231901b4b8c/context 200 0 ms - 22 
[38;5;163m[491e9881][0m[38;5;86m[HTTP][0m [37m-->[39m [37mGET[39m [37m/wd/hub/session/491e9881-24b3-4c12-ae10-1231901b4b8c/contexts[39m {}
[38;5;163m[491e9881][0m[38;5;86m[HTTP][0m <-- GET /wd/hub/session/491e9881-24b3-4c12-ae10-1231901b4b8c/contexts 200 181 ms - 75 
[38;5;163m[491e9881][0m[38;5;86m[HTTP][0m [37m-->[39m [37mPOST[39m [37m/wd/hub/session/491e9881-24b3-4c12-ae10-1231901b4b8c/context[39m {"name":"NATIVE_APP"}
[38;5;163m[491e9881][0m[38;5;86m[HTTP][0m <-- POST /wd/hub/session/491e9881-24b3-4c12-ae10-1231901b4b8c/context 200 0 ms - 14 
[38;5;163m[491e9881][0m[38;5;86m[HTTP][0m [37m-->[39m [37mPOST[39m [37m/wd/hub/session/491e9881-24b3-4c12-ae10-1231901b4b8c/execute/sync[39m {"script":"mobile: pressKey","args":[{"keycode":4}]}
[38;5;163m[491e9881][0m[38;5;-85m[AndroidUiautomator2Driver@8e12][0m Executing native command 'mobile: pressKey'
[38;5;163m[491e9881][0m[38;5;86m[HTTP][0m <-- POST /wd/hub/session/491e9881-24b3-4c12-ae10-1231901b4b8c/execute/sync 200 2017 ms - 14 
[38;5;163m[491e9881][0m[38;5;86m[HTTP][0m [37m-->[39m [37mPOST[39m [37m/wd/hub/session/491e9881-24b3-4c12-ae10-1231901b4b8c/context[39m {"name":"NATIVE_APP"}
[38;5;163m[491e9881][0m[38;5;86m[HTTP][0m <-- POST /wd/hub/session/491e9881-24b3-4c12-ae10-1231901b4b8c/context 200 1 ms - 14 
[38;5;163m[491e9881][0m[38;5;86m[HTTP][0m [37m-->[39m [37mGET[39m [37m/wd/hub/session/491e9881-24b3-4c12-ae10-1231901b4b8c/source[39m {}
[38;5;163m[491e9881][0m[38;5;-85m[AndroidUiautomator2Driver@8e12][0m Driver proxy active, passing request on via HTTP proxy
[38;5;163m[491e9881][0m[38;5;-85m[AndroidUiautomator2Driver@8e12][0m Replacing sessionId d903bb73-3dd7-49ab-ac58-7d892327323e with 491e9881-24b3-4c12-ae10-1231901b4b8c
[38;5;163m[491e9881][0m[38;5;86m[HTTP][0m <-- GET /wd/hub/session/491e9881-24b3-4c12-ae10-1231901b4b8c/source 200 249 ms - 14502 
[38;5;163m[491e9881][0m[38;5;86m[HTTP][0m [37m-->[39m [37mGET[39m [37m/wd/hub/session/491e9881-24b3-4c12-ae10-1231901b4b8c/screenshot[39m {}
[38;5;163m[491e9881][0m[38;5;86m[HTTP][0m <-- GET /wd/hub/session/491e9881-24b3-4c12-ae10-1231901b4b8c/screenshot 200 688 ms - 654248 
[38;5;163m[491e9881][0m[38;5;86m[HTTP][0m [37m-->[39m [37mGET[39m [37m/wd/hub/session/491e9881-24b3-4c12-ae10-1231901b4b8c/window/rect[39m {}
[38;5;163m[491e9881][0m[38;5;86m[HTTP][0m <-- GET /wd/hub/session/491e9881-24b3-4c12-ae10-1231901b4b8c/window/rect 200 14 ms - 50 
[38;5;163m[491e9881][0m[38;5;86m[HTTP][0m [37m-->[39m [37mPOST[39m [37m/wd/hub/session/491e9881-24b3-4c12-ae10-1231901b4b8c/elements[39m {"using":"xpath","value":"//*[@class = 'android.widget.TextView' and (@text = 'Continue as guest' or . = 'Continue as guest') and @resource-id = 'com.customerapp.hero:id/btn_lbl']"}
[38;5;163m[491e9881][0m[38;5;86m[HTTP][0m <-- POST /wd/hub/session/491e9881-24b3-4c12-ae10-1231901b4b8c/elements 200 254 ms - 139 
[38;5;163m[491e9881][0m[38;5;86m[HTTP][0m [37m-->[39m [37mGET[39m [37m/wd/hub/session/491e9881-24b3-4c12-ae10-1231901b4b8c/element/00000000-0000-01a6-ffff-ffff00000063/rect[39m {}
[38;5;163m[491e9881][0m[38;5;-85m[AndroidUiautomator2Driver@8e12][0m Driver proxy active, passing request on via HTTP proxy
[38;5;163m[491e9881][0m[38;5;-85m[AndroidUiautomator2Driver@8e12][0m Replacing sessionId d903bb73-3dd7-49ab-ac58-7d892327323e with 491e9881-24b3-4c12-ae10-1231901b4b8c
[38;5;163m[491e9881][0m[38;5;86m[HTTP][0m <-- GET /wd/hub/session/491e9881-24b3-4c12-ae10-1231901b4b8c/element/00000000-0000-01a6-ffff-ffff00000063/rect 200 37 ms - 103 
[38;5;163m[491e9881][0m[38;5;86m[HTTP][0m [37m-->[39m [37mPOST[39m [37m/wd/hub/session/491e9881-24b3-4c12-ae10-1231901b4b8c/element/00000000-0000-01a6-ffff-ffff00000063/click[39m {"id":"00000000-0000-01a6-ffff-ffff00000063"}
[38;5;163m[491e9881][0m[38;5;86m[HTTP][0m <-- POST /wd/hub/session/491e9881-24b3-4c12-ae10-1231901b4b8c/element/00000000-0000-01a6-ffff-ffff00000063/click 200 94 ms - 14 
[38;5;163m[491e9881][0m[38;5;86m[HTTP][0m [37m-->[39m [37mGET[39m [37m/wd/hub/session/491e9881-24b3-4c12-ae10-1231901b4b8c/source[39m {}
[38;5;163m[491e9881][0m[38;5;-85m[AndroidUiautomator2Driver@8e12][0m Driver proxy active, passing request on via HTTP proxy
[38;5;163m[491e9881][0m[38;5;-85m[AndroidUiautomator2Driver@8e12][0m Replacing sessionId d903bb73-3dd7-49ab-ac58-7d892327323e with 491e9881-24b3-4c12-ae10-1231901b4b8c
[38;5;163m[491e9881][0m[38;5;86m[HTTP][0m <-- GET /wd/hub/session/491e9881-24b3-4c12-ae10-1231901b4b8c/source 200 1090 ms - 25966 
[38;5;163m[491e9881][0m[38;5;86m[HTTP][0m [37m-->[39m [37mGET[39m [37m/wd/hub/session/491e9881-24b3-4c12-ae10-1231901b4b8c/screenshot[39m {}
[38;5;163m[491e9881][0m[38;5;86m[HTTP][0m <-- GET /wd/hub/session/491e9881-24b3-4c12-ae10-1231901b4b8c/screenshot 200 952 ms - 1334076 
[38;5;163m[491e9881][0m[38;5;86m[HTTP][0m [37m-->[39m [37mGET[39m [37m/wd/hub/session/491e9881-24b3-4c12-ae10-1231901b4b8c/window/rect[39m {}
[38;5;163m[491e9881][0m[38;5;86m[HTTP][0m <-- GET /wd/hub/session/491e9881-24b3-4c12-ae10-1231901b4b8c/window/rect 200 22 ms - 50 
[38;5;163m[491e9881][0m[38;5;86m[HTTP][0m [37m-->[39m [37mPOST[39m [37m/wd/hub/session/491e9881-24b3-4c12-ae10-1231901b4b8c/elements[39m {"using":"xpath","value":"//hierarchy/android.widget.FrameLayout[1]/android.widget.LinearLayout[1]/android.widget.FrameLayout[1]/android.widget.LinearLayout[1]/android.widget.FrameLayout[1]/android.view.ViewGroup[1]/android.widget.FrameLayout[1]/android.widget.FrameLayout[1]/android.view.ViewGroup[1]/android.widget.ScrollView[1]/android.view.ViewGroup[1]/androidx.recyclerview.widget.RecyclerView[1]/android.view.ViewGroup[2]/android.widget.GridView[1]/android.view.ViewGroup[3]/android.widget.FrameLayout[1]/android.view.ViewGroup[1]/android.widget.TextView[1]"}
[38;5;163m[491e9881][0m[38;5;86m[HTTP][0m <-- POST /wd/hub/session/491e9881-24b3-4c12-ae10-1231901b4b8c/elements 200 265 ms - 139 
[38;5;163m[491e9881][0m[38;5;86m[HTTP][0m [37m-->[39m [37mGET[39m [37m/wd/hub/session/491e9881-24b3-4c12-ae10-1231901b4b8c/element/00000000-0000-01a6-ffff-ffff00000254/rect[39m {}
[38;5;163m[491e9881][0m[38;5;-85m[AndroidUiautomator2Driver@8e12][0m Driver proxy active, passing request on via HTTP proxy
[38;5;163m[491e9881][0m[38;5;-85m[AndroidUiautomator2Driver@8e12][0m Replacing sessionId d903bb73-3dd7-49ab-ac58-7d892327323e with 491e9881-24b3-4c12-ae10-1231901b4b8c
[38;5;163m[491e9881][0m[38;5;86m[HTTP][0m <-- GET /wd/hub/session/491e9881-24b3-4c12-ae10-1231901b4b8c/element/00000000-0000-01a6-ffff-ffff00000254/rect 200 79 ms - 103 
[38;5;163m[491e9881][0m[38;5;86m[HTTP][0m [37m-->[39m [37mPOST[39m [37m/wd/hub/session/491e9881-24b3-4c12-ae10-1231901b4b8c/element/00000000-0000-01a6-ffff-ffff00000254/click[39m {"id":"00000000-0000-01a6-ffff-ffff00000254"}
[38;5;163m[491e9881][0m[38;5;86m[HTTP][0m <-- POST /wd/hub/session/491e9881-24b3-4c12-ae10-1231901b4b8c/element/00000000-0000-01a6-ffff-ffff00000254/click 200 103 ms - 14 
[38;5;163m[491e9881][0m[38;5;86m[HTTP][0m [37m-->[39m [37mGET[39m [37m/wd/hub/session/491e9881-24b3-4c12-ae10-1231901b4b8c/source[39m {}
[38;5;163m[491e9881][0m[38;5;-85m[AndroidUiautomator2Driver@8e12][0m Driver proxy active, passing request on via HTTP proxy
[38;5;163m[491e9881][0m[38;5;-85m[AndroidUiautomator2Driver@8e12][0m Replacing sessionId d903bb73-3dd7-49ab-ac58-7d892327323e with 491e9881-24b3-4c12-ae10-1231901b4b8c
[38;5;163m[491e9881][0m[38;5;86m[HTTP][0m <-- GET /wd/hub/session/491e9881-24b3-4c12-ae10-1231901b4b8c/source 200 210 ms - 7832 
[38;5;163m[491e9881][0m[38;5;86m[HTTP][0m [37m-->[39m [37mGET[39m [37m/wd/hub/session/491e9881-24b3-4c12-ae10-1231901b4b8c/screenshot[39m {}
[38;5;163m[491e9881][0m[38;5;86m[HTTP][0m <-- GET /wd/hub/session/491e9881-24b3-4c12-ae10-1231901b4b8c/screenshot 200 392 ms - 47432 
[38;5;163m[491e9881][0m[38;5;86m[HTTP][0m [37m-->[39m [37mGET[39m [37m/wd/hub/session/491e9881-24b3-4c12-ae10-1231901b4b8c/source[39m {}
[38;5;163m[491e9881][0m[38;5;-85m[AndroidUiautomator2Driver@8e12][0m Driver proxy active, passing request on via HTTP proxy
[38;5;163m[491e9881][0m[38;5;-85m[AndroidUiautomator2Driver@8e12][0m Replacing sessionId d903bb73-3dd7-49ab-ac58-7d892327323e with 491e9881-24b3-4c12-ae10-1231901b4b8c
[38;5;163m[491e9881][0m[38;5;86m[HTTP][0m <-- GET /wd/hub/session/491e9881-24b3-4c12-ae10-1231901b4b8c/source 200 291 ms - 24775 
[38;5;163m[491e9881][0m[38;5;86m[HTTP][0m [37m-->[39m [37mGET[39m [37m/wd/hub/session/491e9881-24b3-4c12-ae10-1231901b4b8c/screenshot[39m {}
[38;5;163m[491e9881][0m[38;5;86m[HTTP][0m <-- GET /wd/hub/session/491e9881-24b3-4c12-ae10-1231901b4b8c/screenshot 200 496 ms - 302272 
[38;5;163m[491e9881][0m[38;5;86m[HTTP][0m [37m-->[39m [37mGET[39m [37m/wd/hub/session/491e9881-24b3-4c12-ae10-1231901b4b8c/window/rect[39m {}
[38;5;163m[491e9881][0m[38;5;86m[HTTP][0m <-- GET /wd/hub/session/491e9881-24b3-4c12-ae10-1231901b4b8c/window/rect 200 40 ms - 50 
[38;5;163m[491e9881][0m[38;5;86m[HTTP][0m [37m-->[39m [37mPOST[39m [37m/wd/hub/session/491e9881-24b3-4c12-ae10-1231901b4b8c/elements[39m {"using":"xpath","value":"//hierarchy/android.widget.FrameLayout[1]/android.widget.LinearLayout[1]/android.widget.FrameLayout[1]/android.widget.LinearLayout[1]/android.widget.FrameLayout[1]/android.view.ViewGroup[1]/android.widget.FrameLayout[1]/android.widget.FrameLayout[1]/android.view.ViewGroup[1]/android.widget.FrameLayout[2]/android.view.ViewGroup[1]/android.webkit.WebView[1]/android.webkit.WebView[1]/android.view.View[1]/android.view.View[1]/android.view.View[2]/android.view.View[2]/android.view.View[1]/android.view.View[1]/android.widget.EditText[1]"}
[38;5;163m[491e9881][0m[38;5;86m[HTTP][0m <-- POST /wd/hub/session/491e9881-24b3-4c12-ae10-1231901b4b8c/elements 200 204 ms - 139 
[38;5;163m[491e9881][0m[38;5;86m[HTTP][0m [37m-->[39m [37mGET[39m [37m/wd/hub/session/491e9881-24b3-4c12-ae10-1231901b4b8c/element/00000000-0000-01a6-0000-06e6000002cf/rect[39m {}
[38;5;163m[491e9881][0m[38;5;-85m[AndroidUiautomator2Driver@8e12][0m Driver proxy active, passing request on via HTTP proxy
[38;5;163m[491e9881][0m[38;5;-85m[AndroidUiautomator2Driver@8e12][0m Replacing sessionId d903bb73-3dd7-49ab-ac58-7d892327323e with 491e9881-24b3-4c12-ae10-1231901b4b8c
[38;5;163m[491e9881][0m[38;5;86m[HTTP][0m <-- GET /wd/hub/session/491e9881-24b3-4c12-ae10-1231901b4b8c/element/00000000-0000-01a6-0000-06e6000002cf/rect 200 50 ms - 103 
[38;5;163m[491e9881][0m[38;5;86m[HTTP][0m [37m-->[39m [37mPOST[39m [37m/wd/hub/session/491e9881-24b3-4c12-ae10-1231901b4b8c/element/00000000-0000-01a6-0000-06e6000002cf/clear[39m {"id":"00000000-0000-01a6-0000-06e6000002cf"}
[38;5;163m[491e9881][0m[38;5;86m[HTTP][0m <-- POST /wd/hub/session/491e9881-24b3-4c12-ae10-1231901b4b8c/element/00000000-0000-01a6-0000-06e6000002cf/clear 200 34 ms - 14 
[38;5;163m[491e9881][0m[38;5;86m[HTTP][0m [37m-->[39m [37mPOST[39m [37m/wd/hub/session/491e9881-24b3-4c12-ae10-1231901b4b8c/element/00000000-0000-01a6-0000-06e6000002cf/click[39m {"id":"00000000-0000-01a6-0000-06e6000002cf"}
[38;5;163m[491e9881][0m[38;5;86m[HTTP][0m <-- POST /wd/hub/session/491e9881-24b3-4c12-ae10-1231901b4b8c/element/00000000-0000-01a6-0000-06e6000002cf/click 200 690 ms - 14 
[38;5;163m[491e9881][0m[38;5;86m[HTTP][0m [37m-->[39m [37mPOST[39m [37m/wd/hub/session/491e9881-24b3-4c12-ae10-1231901b4b8c/element/00000000-0000-01a6-0000-06e6000002cf/value[39m {"text":"9456846425","id":"00000000-0000-01a6-0000-06e6000002cf","value":["9","4","5","6","8","4","6","4","2","5"]}
[38;5;163m[491e9881][0m[38;5;86m[HTTP][0m <-- POST /wd/hub/session/491e9881-24b3-4c12-ae10-1231901b4b8c/element/00000000-0000-01a6-0000-06e6000002cf/value 200 576 ms - 14 
[38;5;163m[491e9881][0m[38;5;86m[HTTP][0m [37m-->[39m [37mGET[39m [37m/wd/hub/session/491e9881-24b3-4c12-ae10-1231901b4b8c/source[39m {}
[38;5;163m[491e9881][0m[38;5;-85m[AndroidUiautomator2Driver@8e12][0m Driver proxy active, passing request on via HTTP proxy
[38;5;163m[491e9881][0m[38;5;-85m[AndroidUiautomator2Driver@8e12][0m Replacing sessionId d903bb73-3dd7-49ab-ac58-7d892327323e with 491e9881-24b3-4c12-ae10-1231901b4b8c
[38;5;163m[491e9881][0m[38;5;86m[HTTP][0m <-- GET /wd/hub/session/491e9881-24b3-4c12-ae10-1231901b4b8c/source 200 547 ms - 21222 
[38;5;163m[491e9881][0m[38;5;86m[HTTP][0m [37m-->[39m [37mGET[39m [37m/wd/hub/session/491e9881-24b3-4c12-ae10-1231901b4b8c/screenshot[39m {}
[38;5;163m[491e9881][0m[38;5;86m[HTTP][0m <-- GET /wd/hub/session/491e9881-24b3-4c12-ae10-1231901b4b8c/screenshot 200 526 ms - 322196 
[38;5;163m[491e9881][0m[38;5;86m[HTTP][0m [37m-->[39m [37mGET[39m [37m/wd/hub/session/491e9881-24b3-4c12-ae10-1231901b4b8c/window/rect[39m {}
[38;5;163m[491e9881][0m[38;5;86m[HTTP][0m <-- GET /wd/hub/session/491e9881-24b3-4c12-ae10-1231901b4b8c/window/rect 200 35 ms - 50 
[38;5;163m[491e9881][0m[38;5;86m[HTTP][0m [37m-->[39m [37mPOST[39m [37m/wd/hub/session/491e9881-24b3-4c12-ae10-1231901b4b8c/elements[39m {"using":"xpath","value":"//hierarchy/android.widget.FrameLayout[1]/android.widget.LinearLayout[1]/android.widget.FrameLayout[1]/android.widget.LinearLayout[1]/android.widget.FrameLayout[1]/android.view.ViewGroup[1]/android.widget.FrameLayout[1]/android.widget.FrameLayout[1]/android.view.ViewGroup[1]/android.widget.FrameLayout[2]/android.view.ViewGroup[1]/android.webkit.WebView[1]/android.webkit.WebView[1]/android.view.View[1]/android.view.View[1]/android.view.View[2]/android.view.View[2]/android.view.View[1]/android.view.View[1]/android.view.View[1]/android.widget.EditText[1]"}
[38;5;163m[491e9881][0m[38;5;86m[HTTP][0m <-- POST /wd/hub/session/491e9881-24b3-4c12-ae10-1231901b4b8c/elements 200 268 ms - 139 
[38;5;163m[491e9881][0m[38;5;86m[HTTP][0m [37m-->[39m [37mGET[39m [37m/wd/hub/session/491e9881-24b3-4c12-ae10-1231901b4b8c/element/00000000-0000-01a6-0000-06eb000002cf/rect[39m {}
[38;5;163m[491e9881][0m[38;5;-85m[AndroidUiautomator2Driver@8e12][0m Driver proxy active, passing request on via HTTP proxy
[38;5;163m[491e9881][0m[38;5;-85m[AndroidUiautomator2Driver@8e12][0m Replacing sessionId d903bb73-3dd7-49ab-ac58-7d892327323e with 491e9881-24b3-4c12-ae10-1231901b4b8c
[38;5;163m[491e9881][0m[38;5;86m[HTTP][0m <-- GET /wd/hub/session/491e9881-24b3-4c12-ae10-1231901b4b8c/element/00000000-0000-01a6-0000-06eb000002cf/rect 200 36 ms - 103 
[38;5;163m[491e9881][0m[38;5;86m[HTTP][0m [37m-->[39m [37mPOST[39m [37m/wd/hub/session/491e9881-24b3-4c12-ae10-1231901b4b8c/element/00000000-0000-01a6-0000-06eb000002cf/clear[39m {"id":"00000000-0000-01a6-0000-06eb000002cf"}
[38;5;163m[491e9881][0m[38;5;86m[HTTP][0m <-- POST /wd/hub/session/491e9881-24b3-4c12-ae10-1231901b4b8c/element/00000000-0000-01a6-0000-06eb000002cf/clear 200 37 ms - 14 
[38;5;163m[491e9881][0m[38;5;86m[HTTP][0m [37m-->[39m [37mPOST[39m [37m/wd/hub/session/491e9881-24b3-4c12-ae10-1231901b4b8c/element/00000000-0000-01a6-0000-06eb000002cf/click[39m {"id":"00000000-0000-01a6-0000-06eb000002cf"}
[38;5;163m[491e9881][0m[38;5;86m[HTTP][0m <-- POST /wd/hub/session/491e9881-24b3-4c12-ae10-1231901b4b8c/element/00000000-0000-01a6-0000-06eb000002cf/click 200 56 ms - 14 
[38;5;163m[491e9881][0m[38;5;86m[HTTP][0m [37m-->[39m [37mPOST[39m [37m/wd/hub/session/491e9881-24b3-4c12-ae10-1231901b4b8c/element/00000000-0000-01a6-0000-06eb000002cf/value[39m {"text":"1234","id":"00000000-0000-01a6-0000-06eb000002cf","value":["1","2","3","4"]}
[38;5;163m[491e9881][0m[38;5;86m[HTTP][0m <-- POST /wd/hub/session/491e9881-24b3-4c12-ae10-1231901b4b8c/element/00000000-0000-01a6-0000-06eb000002cf/value 200 84 ms - 14 
[38;5;163m[491e9881][0m[38;5;86m[HTTP][0m [37m-->[39m [37mGET[39m [37m/wd/hub/session/491e9881-24b3-4c12-ae10-1231901b4b8c/source[39m {}
[38;5;163m[491e9881][0m[38;5;-85m[AndroidUiautomator2Driver@8e12][0m Driver proxy active, passing request on via HTTP proxy
[38;5;163m[491e9881][0m[38;5;-85m[AndroidUiautomator2Driver@8e12][0m Replacing sessionId d903bb73-3dd7-49ab-ac58-7d892327323e with 491e9881-24b3-4c12-ae10-1231901b4b8c
[38;5;163m[491e9881][0m[38;5;86m[HTTP][0m <-- GET /wd/hub/session/491e9881-24b3-4c12-ae10-1231901b4b8c/source 200 311 ms - 21226 
[38;5;163m[491e9881][0m[38;5;86m[HTTP][0m [37m-->[39m [37mGET[39m [37m/wd/hub/session/491e9881-24b3-4c12-ae10-1231901b4b8c/screenshot[39m {}
[38;5;163m[491e9881][0m[38;5;86m[HTTP][0m <-- GET /wd/hub/session/491e9881-24b3-4c12-ae10-1231901b4b8c/screenshot 200 509 ms - 331524 
[38;5;163m[491e9881][0m[38;5;86m[HTTP][0m [37m-->[39m [37mGET[39m [37m/wd/hub/session/491e9881-24b3-4c12-ae10-1231901b4b8c/window/rect[39m {}
[38;5;163m[491e9881][0m[38;5;86m[HTTP][0m <-- GET /wd/hub/session/491e9881-24b3-4c12-ae10-1231901b4b8c/window/rect 200 18 ms - 50 
[38;5;163m[491e9881][0m[38;5;86m[HTTP][0m [37m-->[39m [37mPOST[39m [37m/wd/hub/session/491e9881-24b3-4c12-ae10-1231901b4b8c/elements[39m {"using":"xpath","value":"//hierarchy/android.widget.FrameLayout[1]/android.widget.LinearLayout[1]/android.widget.FrameLayout[1]/android.widget.LinearLayout[1]/android.widget.FrameLayout[1]/android.view.ViewGroup[1]/android.widget.FrameLayout[1]/android.widget.FrameLayout[1]/android.view.ViewGroup[1]/android.widget.FrameLayout[2]/android.view.ViewGroup[1]/android.webkit.WebView[1]/android.webkit.WebView[1]/android.view.View[1]/android.view.View[1]/android.view.View[2]/android.widget.TabWidget[1]/android.view.View[2]"}
[38;5;163m[491e9881][0m[38;5;86m[HTTP][0m <-- POST /wd/hub/session/491e9881-24b3-4c12-ae10-1231901b4b8c/elements 200 203 ms - 139 
[38;5;163m[491e9881][0m[38;5;86m[HTTP][0m [37m-->[39m [37mGET[39m [37m/wd/hub/session/491e9881-24b3-4c12-ae10-1231901b4b8c/element/00000000-0000-01a6-0000-06e0000002cf/rect[39m {}
[38;5;163m[491e9881][0m[38;5;-85m[AndroidUiautomator2Driver@8e12][0m Driver proxy active, passing request on via HTTP proxy
[38;5;163m[491e9881][0m[38;5;-85m[AndroidUiautomator2Driver@8e12][0m Replacing sessionId d903bb73-3dd7-49ab-ac58-7d892327323e with 491e9881-24b3-4c12-ae10-1231901b4b8c
[38;5;163m[491e9881][0m[38;5;86m[HTTP][0m <-- GET /wd/hub/session/491e9881-24b3-4c12-ae10-1231901b4b8c/element/00000000-0000-01a6-0000-06e0000002cf/rect 200 41 ms - 103 
[38;5;163m[491e9881][0m[38;5;86m[HTTP][0m [37m-->[39m [37mPOST[39m [37m/wd/hub/session/491e9881-24b3-4c12-ae10-1231901b4b8c/element/00000000-0000-01a6-0000-06e0000002cf/click[39m {"id":"00000000-0000-01a6-0000-06e0000002cf"}
[38;5;163m[491e9881][0m[38;5;86m[HTTP][0m <-- POST /wd/hub/session/491e9881-24b3-4c12-ae10-1231901b4b8c/element/00000000-0000-01a6-0000-06e0000002cf/click 200 78 ms - 14 
[38;5;163m[491e9881][0m[38;5;86m[HTTP][0m [37m-->[39m [37mGET[39m [37m/wd/hub/session/491e9881-24b3-4c12-ae10-1231901b4b8c/source[39m {}
[38;5;163m[491e9881][0m[38;5;-85m[AndroidUiautomator2Driver@8e12][0m Driver proxy active, passing request on via HTTP proxy
[38;5;163m[491e9881][0m[38;5;-85m[AndroidUiautomator2Driver@8e12][0m Replacing sessionId d903bb73-3dd7-49ab-ac58-7d892327323e with 491e9881-24b3-4c12-ae10-1231901b4b8c
[38;5;163m[491e9881][0m[38;5;86m[HTTP][0m <-- GET /wd/hub/session/491e9881-24b3-4c12-ae10-1231901b4b8c/source 200 784 ms - 24765 
[38;5;163m[491e9881][0m[38;5;86m[HTTP][0m [37m-->[39m [37mGET[39m [37m/wd/hub/session/491e9881-24b3-4c12-ae10-1231901b4b8c/screenshot[39m {}
[38;5;163m[491e9881][0m[38;5;86m[HTTP][0m <-- GET /wd/hub/session/491e9881-24b3-4c12-ae10-1231901b4b8c/screenshot 200 534 ms - 301620 
[38;5;163m[491e9881][0m[38;5;86m[HTTP][0m [37m-->[39m [37mGET[39m [37m/wd/hub/session/491e9881-24b3-4c12-ae10-1231901b4b8c/window/rect[39m {}
[38;5;163m[491e9881][0m[38;5;86m[HTTP][0m <-- GET /wd/hub/session/491e9881-24b3-4c12-ae10-1231901b4b8c/window/rect 200 6760 ms - 50 
[38;5;163m[491e9881][0m[38;5;86m[HTTP][0m [37m-->[39m [37mPOST[39m [37m/wd/hub/session/491e9881-24b3-4c12-ae10-1231901b4b8c/elements[39m {"using":"xpath","value":"//hierarchy/android.widget.FrameLayout[1]/android.widget.LinearLayout[1]/android.widget.FrameLayout[1]/android.widget.LinearLayout[1]/android.widget.FrameLayout[1]/android.view.ViewGroup[1]/android.widget.FrameLayout[1]/android.widget.FrameLayout[1]/android.view.ViewGroup[1]/android.widget.FrameLayout[2]/android.view.ViewGroup[1]/android.webkit.WebView[1]/android.webkit.WebView[1]/android.view.View[1]/android.view.View[1]/android.view.View[2]/android.widget.TabWidget[1]/android.view.View[3]"}
[38;5;163m[491e9881][0m[38;5;86m[HTTP][0m <-- POST /wd/hub/session/491e9881-24b3-4c12-ae10-1231901b4b8c/elements 200 666 ms - 139 
[38;5;163m[491e9881][0m[38;5;86m[HTTP][0m [37m-->[39m [37mGET[39m [37m/wd/hub/session/491e9881-24b3-4c12-ae10-1231901b4b8c/element/00000000-0000-01a6-0000-06e1000002cf/rect[39m {}
[38;5;163m[491e9881][0m[38;5;-85m[AndroidUiautomator2Driver@8e12][0m Driver proxy active, passing request on via HTTP proxy
[38;5;163m[491e9881][0m[38;5;-85m[AndroidUiautomator2Driver@8e12][0m Replacing sessionId d903bb73-3dd7-49ab-ac58-7d892327323e with 491e9881-24b3-4c12-ae10-1231901b4b8c
[38;5;163m[491e9881][0m[38;5;86m[HTTP][0m <-- GET /wd/hub/session/491e9881-24b3-4c12-ae10-1231901b4b8c/element/00000000-0000-01a6-0000-06e1000002cf/rect 200 51 ms - 103 
[38;5;163m[491e9881][0m[38;5;86m[HTTP][0m [37m-->[39m [37mPOST[39m [37m/wd/hub/session/491e9881-24b3-4c12-ae10-1231901b4b8c/element/00000000-0000-01a6-0000-06e1000002cf/click[39m {"id":"00000000-0000-01a6-0000-06e1000002cf"}
[38;5;163m[491e9881][0m[38;5;86m[HTTP][0m <-- POST /wd/hub/session/491e9881-24b3-4c12-ae10-1231901b4b8c/element/00000000-0000-01a6-0000-06e1000002cf/click 200 101 ms - 14 
[38;5;163m[491e9881][0m[38;5;86m[HTTP][0m [37m-->[39m [37mGET[39m [37m/wd/hub/session/491e9881-24b3-4c12-ae10-1231901b4b8c/source[39m {}
[38;5;163m[491e9881][0m[38;5;-85m[AndroidUiautomator2Driver@8e12][0m Driver proxy active, passing request on via HTTP proxy
[38;5;163m[491e9881][0m[38;5;-85m[AndroidUiautomator2Driver@8e12][0m Replacing sessionId d903bb73-3dd7-49ab-ac58-7d892327323e with 491e9881-24b3-4c12-ae10-1231901b4b8c
[38;5;163m[491e9881][0m[38;5;86m[HTTP][0m <-- GET /wd/hub/session/491e9881-24b3-4c12-ae10-1231901b4b8c/source 200 415 ms - 26780 
[38;5;163m[491e9881][0m[38;5;86m[HTTP][0m [37m-->[39m [37mGET[39m [37m/wd/hub/session/491e9881-24b3-4c12-ae10-1231901b4b8c/screenshot[39m {}
[38;5;163m[491e9881][0m[38;5;86m[HTTP][0m <-- GET /wd/hub/session/491e9881-24b3-4c12-ae10-1231901b4b8c/screenshot 200 520 ms - 301848 
[38;5;163m[491e9881][0m[38;5;86m[HTTP][0m [37m-->[39m [37mDELETE[39m [37m/wd/hub/session/491e9881-24b3-4c12-ae10-1231901b4b8c[39m {}
[38;5;163m[491e9881][0m[38;5;52m[AppiumDriver@fce6][0m Removing session 491e9881-24b3-4c12-ae10-1231901b4b8c from our master session list
[38;5;163m[491e9881][0m[38;5;-85m[AndroidUiautomator2Driver@8e12][0m Restoring hidden api policy to the device default configuration
[38;5;163m[491e9881][0m[38;5;86m[HTTP][0m <-- DELETE /wd/hub/session/491e9881-24b3-4c12-ae10-1231901b4b8c 200 327 ms - 14 
[38;5;112m[Appium][0m Received SIGTERM - shutting down
[38;5;86m[HTTP][0m Closing Appium HTTP server
